[16:09:28] [main/INFO] [com.velocitypowered.proxy.VelocityServer]: Booting up Velocity 3.4.0-SNAPSHOT (git-f986eb51-b472)...
[16:09:28] [main/INFO] [com.velocitypowered.proxy.VelocityServer]: Loading localizations...
[16:09:28] [main/INFO] [com.velocitypowered.proxy.network.ConnectionManager]: Connections will use NIO channels, Java compression, Java ciphers
[16:09:28] [main/WARN] [com.velocitypowered.proxy.config.VelocityConfiguration]: Player info forwarding is disabled! All players will appear to be connecting from the proxy and will have offline-mode UUIDs.
[16:09:28] [main/INFO] [com.velocitypowered.proxy.VelocityServer]: Loading plugins...
[16:09:28] [main/ERROR] [com.velocitypowered.proxy.console.VelocityConsole]: :>:>:>:>:>:>:>:>:>:>:>:>:>:>:>:>:>:>:>:>:>:>:>
[16:09:28] [main/ERROR] [com.velocitypowered.proxy.console.VelocityConsole]: :>  
[16:09:28] [main/ERROR] [com.velocitypowered.proxy.console.VelocityConsole]: :>      EAGLERCRAFTXVELOCITY WARNING:
[16:09:28] [main/ERROR] [com.velocitypowered.proxy.console.VelocityConsole]: :>  
[16:09:28] [main/ERROR] [com.velocitypowered.proxy.console.VelocityConsole]: :>  This plugin wasn't tested to be 'working'
[16:09:28] [main/ERROR] [com.velocitypowered.proxy.console.VelocityConsole]: :>  with ANY version of Velocity (and forks)
[16:09:28] [main/ERROR] [com.velocitypowered.proxy.console.VelocityConsole]: :>  apart from the versions listed below:
[16:09:28] [main/ERROR] [com.velocitypowered.proxy.console.VelocityConsole]: :>  
[16:09:28] [main/ERROR] [com.velocitypowered.proxy.console.VelocityConsole]: :>  - Velocity: 3.4.0-SNAPSHOT:6995f415:b464
[16:09:28] [main/ERROR] [com.velocitypowered.proxy.console.VelocityConsole]: :>  - https://api.papermc.io/v2/projects/velocity/versions/3.4.0-SNAPSHOT/builds/464/downloads/velocity-3.4.0-SNAPSHOT-464.jar
[16:09:28] [main/ERROR] [com.velocitypowered.proxy.console.VelocityConsole]: :>  
[16:09:28] [main/ERROR] [com.velocitypowered.proxy.console.VelocityConsole]: :>  This is not a Bukkit/Spigot plugin!
[16:09:28] [main/ERROR] [com.velocitypowered.proxy.console.VelocityConsole]: :>  
[16:09:28] [main/ERROR] [com.velocitypowered.proxy.console.VelocityConsole]: :>  Use "-Deaglerxvelocity.stfu=true" to hide
[16:09:28] [main/ERROR] [com.velocitypowered.proxy.console.VelocityConsole]: :>  
[16:09:28] [main/ERROR] [com.velocitypowered.proxy.console.VelocityConsole]: :>:>:>:>:>:>:>:>:>:>:>:>:>:>:>:>:>:>:>:>:>:>:>
[16:09:28] [main/INFO] [com.velocitypowered.proxy.plugin.VelocityPluginManager]: Loaded plugin eaglerxvelocity 1.1.7 by lax1dude, ayunami2000
[16:09:28] [main/INFO] [com.velocitypowered.proxy.VelocityServer]: Loaded 2 plugins
[16:09:28] [EaglercraftXVelocity - Task Executor #0/WARN] [eaglerxvelocity]: This plugin is still in development, certain features may not be functional!
[16:09:28] [EaglercraftXVelocity - Task Executor #0/WARN] [eaglerxvelocity]: Not recommended for public servers yet, please check for updates
[16:09:28] [Netty NIO Boss #0/INFO] [eaglerxvelocity]: Eaglercraft is listening on: /0.0.0.0:8081
[16:09:28] [EaglercraftXVelocity - Task Executor #0/INFO] [eaglerxvelocity]: Connected to database: jdbc:sqlite:eaglercraft_skins_cache.db
[16:09:28] [EaglercraftXVelocity - Task Executor #0/INFO] [eaglerxvelocity]: Connected to database: jdbc:sqlite:eaglercraft_auths.db
[16:09:28] [EaglercraftXVelocity - Task Executor #0/INFO] [eaglerxvelocity]: Voice chat disabled, add "allow_voice: true" to your listeners to enable
[16:09:28] [Netty NIO Boss #1/INFO] [com.velocitypowered.proxy.network.ConnectionManager]: Listening on /[0:0:0:0:0:0:0:0]:25565
[16:09:28] [main/INFO] [com.velocitypowered.proxy.Velocity]: Done (0,94s)!
[16:11:45] [Netty NIO Worker #3/INFO] [com.velocitypowered.proxy.connection.client.AuthSessionHandler]: [connected player] Yaffled (/127.0.0.1:52458) has connected
[16:11:45] [Netty NIO Worker #3/INFO] [com.velocitypowered.proxy.connection.MinecraftConnection]: [server connection] Yaffled -> lobby has connected
[16:11:45] [Netty NIO Worker #3/INFO] [com.velocitypowered.proxy.connection.MinecraftConnection]: [server connection] Yaffled -> lobby has disconnected
[16:11:45] [Netty NIO Worker #3/ERROR] [com.velocitypowered.proxy.connection.client.ConnectedPlayer]: [connected player] Yaffled (/127.0.0.1:52458): disconnected while connecting to lobby: Outdated client! Please use 1.21.4
[16:11:45] [Netty NIO Worker #3/INFO] [com.velocitypowered.proxy.connection.client.ConnectedPlayer]: [connected player] Yaffled (/127.0.0.1:52458) has disconnected: Unable to connect to lobby: Outdated client! Please use 1.21.4
[16:18:06] [Netty NIO Worker #15/INFO] [com.velocitypowered.proxy.connection.client.AuthSessionHandler]: [connected player] Yaffled (/127.0.0.1:52885) has connected
[16:18:06] [Netty NIO Worker #15/INFO] [com.velocitypowered.proxy.connection.MinecraftConnection]: [server connection] Yaffled -> lobby has connected
[16:18:06] [Netty NIO Worker #15/ERROR] [com.velocitypowered.proxy.connection.MinecraftConnection]: [server connection] Yaffled -> lobby: exception encountered in com.velocitypowered.proxy.connection.backend.LoginSessionHandler@5ef0736b
java.net.SocketException: Connection reset
	at java.base/sun.nio.ch.SocketChannelImpl.throwConnectionReset(SocketChannelImpl.java:401) ~[?:?]
	at java.base/sun.nio.ch.SocketChannelImpl.read(SocketChannelImpl.java:434) ~[?:?]
	at io.netty.buffer.PooledByteBuf.setBytes(PooledByteBuf.java:255) ~[Velocity.jar:3.4.0-SNAPSHOT (git-f986eb51-b472)]
	at io.netty.buffer.AbstractByteBuf.writeBytes(AbstractByteBuf.java:1132) ~[Velocity.jar:3.4.0-SNAPSHOT (git-f986eb51-b472)]
	at io.netty.channel.socket.nio.NioSocketChannel.doReadBytes(NioSocketChannel.java:356) ~[Velocity.jar:3.4.0-SNAPSHOT (git-f986eb51-b472)]
	at io.netty.channel.nio.AbstractNioByteChannel$NioByteUnsafe.read(AbstractNioByteChannel.java:151) ~[Velocity.jar:3.4.0-SNAPSHOT (git-f986eb51-b472)]
	at io.netty.channel.nio.NioEventLoop.processSelectedKey(NioEventLoop.java:788) ~[Velocity.jar:3.4.0-SNAPSHOT (git-f986eb51-b472)]
	at io.netty.channel.nio.NioEventLoop.processSelectedKeysOptimized(NioEventLoop.java:724) ~[Velocity.jar:3.4.0-SNAPSHOT (git-f986eb51-b472)]
	at io.netty.channel.nio.NioEventLoop.processSelectedKeys(NioEventLoop.java:650) ~[Velocity.jar:3.4.0-SNAPSHOT (git-f986eb51-b472)]
	at io.netty.channel.nio.NioEventLoop.run(NioEventLoop.java:562) ~[Velocity.jar:3.4.0-SNAPSHOT (git-f986eb51-b472)]
	at io.netty.util.concurrent.SingleThreadEventExecutor$4.run(SingleThreadEventExecutor.java:997) ~[Velocity.jar:3.4.0-SNAPSHOT (git-f986eb51-b472)]
	at io.netty.util.internal.ThreadExecutorMap$2.run(ThreadExecutorMap.java:74) ~[Velocity.jar:3.4.0-SNAPSHOT (git-f986eb51-b472)]
	at io.netty.util.concurrent.FastThreadLocalRunnable.run(FastThreadLocalRunnable.java:30) ~[Velocity.jar:3.4.0-SNAPSHOT (git-f986eb51-b472)]
	at java.base/java.lang.Thread.run(Thread.java:1583) [?:?]
[16:18:06] [Netty NIO Worker #15/INFO] [com.velocitypowered.proxy.connection.MinecraftConnection]: [server connection] Yaffled -> lobby has disconnected
[16:18:06] [Netty NIO Worker #15/ERROR] [com.velocitypowered.proxy.connection.client.ConnectedPlayer]: [connected player] Yaffled (/127.0.0.1:52885): unable to connect to server lobby
java.net.SocketException: Connection reset
	at java.base/sun.nio.ch.SocketChannelImpl.throwConnectionReset(SocketChannelImpl.java:401) ~[?:?]
	at java.base/sun.nio.ch.SocketChannelImpl.read(SocketChannelImpl.java:434) ~[?:?]
	at io.netty.buffer.PooledByteBuf.setBytes(PooledByteBuf.java:255) ~[Velocity.jar:3.4.0-SNAPSHOT (git-f986eb51-b472)]
	at io.netty.buffer.AbstractByteBuf.writeBytes(AbstractByteBuf.java:1132) ~[Velocity.jar:3.4.0-SNAPSHOT (git-f986eb51-b472)]
	at io.netty.channel.socket.nio.NioSocketChannel.doReadBytes(NioSocketChannel.java:356) ~[Velocity.jar:3.4.0-SNAPSHOT (git-f986eb51-b472)]
	at io.netty.channel.nio.AbstractNioByteChannel$NioByteUnsafe.read(AbstractNioByteChannel.java:151) ~[Velocity.jar:3.4.0-SNAPSHOT (git-f986eb51-b472)]
	at io.netty.channel.nio.NioEventLoop.processSelectedKey(NioEventLoop.java:788) ~[Velocity.jar:3.4.0-SNAPSHOT (git-f986eb51-b472)]
	at io.netty.channel.nio.NioEventLoop.processSelectedKeysOptimized(NioEventLoop.java:724) ~[Velocity.jar:3.4.0-SNAPSHOT (git-f986eb51-b472)]
	at io.netty.channel.nio.NioEventLoop.processSelectedKeys(NioEventLoop.java:650) ~[Velocity.jar:3.4.0-SNAPSHOT (git-f986eb51-b472)]
	at io.netty.channel.nio.NioEventLoop.run(NioEventLoop.java:562) ~[Velocity.jar:3.4.0-SNAPSHOT (git-f986eb51-b472)]
	at io.netty.util.concurrent.SingleThreadEventExecutor$4.run(SingleThreadEventExecutor.java:997) ~[Velocity.jar:3.4.0-SNAPSHOT (git-f986eb51-b472)]
	at io.netty.util.internal.ThreadExecutorMap$2.run(ThreadExecutorMap.java:74) ~[Velocity.jar:3.4.0-SNAPSHOT (git-f986eb51-b472)]
	at io.netty.util.concurrent.FastThreadLocalRunnable.run(FastThreadLocalRunnable.java:30) ~[Velocity.jar:3.4.0-SNAPSHOT (git-f986eb51-b472)]
	at java.base/java.lang.Thread.run(Thread.java:1583) [?:?]
[16:18:06] [Netty NIO Worker #15/INFO] [com.velocitypowered.proxy.connection.client.ConnectedPlayer]: [connected player] Yaffled (/127.0.0.1:52885) has disconnected: Unable to connect you to lobby. Please try again later.
[16:19:14] [Netty NIO Worker #26/INFO] [com.velocitypowered.proxy.connection.client.AuthSessionHandler]: [connected player] Yaffled (/127.0.0.1:53047) has connected
[16:19:14] [Netty NIO Worker #26/INFO] [com.velocitypowered.proxy.connection.MinecraftConnection]: [server connection] Yaffled -> lobby has connected
[16:19:14] [Netty NIO Worker #26/ERROR] [com.velocitypowered.proxy.connection.MinecraftConnection]: [server connection] Yaffled -> lobby: exception encountered in com.velocitypowered.proxy.connection.backend.LoginSessionHandler@5ad7065a
java.lang.IllegalStateException: Backend server is online-mode!
	at com.velocitypowered.proxy.connection.backend.LoginSessionHandler.handle(LoginSessionHandler.java:79) ~[Velocity.jar:3.4.0-SNAPSHOT (git-f986eb51-b472)]
	at com.velocitypowered.proxy.protocol.packet.EncryptionRequestPacket.handle(EncryptionRequestPacket.java:94) ~[Velocity.jar:3.4.0-SNAPSHOT (git-f986eb51-b472)]
	at com.velocitypowered.proxy.connection.MinecraftConnection.channelRead(MinecraftConnection.java:153) ~[Velocity.jar:3.4.0-SNAPSHOT (git-f986eb51-b472)]
	at io.netty.channel.AbstractChannelHandlerContext.invokeChannelRead(AbstractChannelHandlerContext.java:444) ~[Velocity.jar:3.4.0-SNAPSHOT (git-f986eb51-b472)]
	at io.netty.channel.AbstractChannelHandlerContext.invokeChannelRead(AbstractChannelHandlerContext.java:420) ~[Velocity.jar:3.4.0-SNAPSHOT (git-f986eb51-b472)]
	at io.netty.channel.AbstractChannelHandlerContext.fireChannelRead(AbstractChannelHandlerContext.java:412) ~[Velocity.jar:3.4.0-SNAPSHOT (git-f986eb51-b472)]
	at com.velocitypowered.proxy.protocol.netty.AutoReadHolderHandler.channelRead(AutoReadHolderHandler.java:57) ~[Velocity.jar:3.4.0-SNAPSHOT (git-f986eb51-b472)]
	at io.netty.channel.AbstractChannelHandlerContext.invokeChannelRead(AbstractChannelHandlerContext.java:442) ~[Velocity.jar:3.4.0-SNAPSHOT (git-f986eb51-b472)]
	at io.netty.channel.AbstractChannelHandlerContext.invokeChannelRead(AbstractChannelHandlerContext.java:420) ~[Velocity.jar:3.4.0-SNAPSHOT (git-f986eb51-b472)]
	at io.netty.channel.AbstractChannelHandlerContext.fireChannelRead(AbstractChannelHandlerContext.java:412) ~[Velocity.jar:3.4.0-SNAPSHOT (git-f986eb51-b472)]
	at com.velocitypowered.proxy.protocol.netty.MinecraftDecoder.tryDecode(MinecraftDecoder.java:91) ~[Velocity.jar:3.4.0-SNAPSHOT (git-f986eb51-b472)]
	at com.velocitypowered.proxy.protocol.netty.MinecraftDecoder.channelRead(MinecraftDecoder.java:60) ~[Velocity.jar:3.4.0-SNAPSHOT (git-f986eb51-b472)]
	at io.netty.channel.AbstractChannelHandlerContext.invokeChannelRead(AbstractChannelHandlerContext.java:444) ~[Velocity.jar:3.4.0-SNAPSHOT (git-f986eb51-b472)]
	at io.netty.channel.AbstractChannelHandlerContext.invokeChannelRead(AbstractChannelHandlerContext.java:420) ~[Velocity.jar:3.4.0-SNAPSHOT (git-f986eb51-b472)]
	at io.netty.channel.AbstractChannelHandlerContext.fireChannelRead(AbstractChannelHandlerContext.java:412) ~[Velocity.jar:3.4.0-SNAPSHOT (git-f986eb51-b472)]
	at io.netty.handler.timeout.IdleStateHandler.channelRead(IdleStateHandler.java:289) ~[Velocity.jar:3.4.0-SNAPSHOT (git-f986eb51-b472)]
	at io.netty.channel.AbstractChannelHandlerContext.invokeChannelRead(AbstractChannelHandlerContext.java:442) ~[Velocity.jar:3.4.0-SNAPSHOT (git-f986eb51-b472)]
	at io.netty.channel.AbstractChannelHandlerContext.invokeChannelRead(AbstractChannelHandlerContext.java:420) ~[Velocity.jar:3.4.0-SNAPSHOT (git-f986eb51-b472)]
	at io.netty.channel.AbstractChannelHandlerContext.fireChannelRead(AbstractChannelHandlerContext.java:412) ~[Velocity.jar:3.4.0-SNAPSHOT (git-f986eb51-b472)]
	at io.netty.handler.codec.ByteToMessageDecoder.fireChannelRead(ByteToMessageDecoder.java:346) ~[Velocity.jar:3.4.0-SNAPSHOT (git-f986eb51-b472)]
	at io.netty.handler.codec.ByteToMessageDecoder.channelRead(ByteToMessageDecoder.java:318) ~[Velocity.jar:3.4.0-SNAPSHOT (git-f986eb51-b472)]
	at io.netty.channel.AbstractChannelHandlerContext.invokeChannelRead(AbstractChannelHandlerContext.java:444) ~[Velocity.jar:3.4.0-SNAPSHOT (git-f986eb51-b472)]
	at io.netty.channel.AbstractChannelHandlerContext.invokeChannelRead(AbstractChannelHandlerContext.java:420) ~[Velocity.jar:3.4.0-SNAPSHOT (git-f986eb51-b472)]
	at io.netty.channel.AbstractChannelHandlerContext.fireChannelRead(AbstractChannelHandlerContext.java:412) ~[Velocity.jar:3.4.0-SNAPSHOT (git-f986eb51-b472)]
	at io.netty.channel.DefaultChannelPipeline$HeadContext.channelRead(DefaultChannelPipeline.java:1357) ~[Velocity.jar:3.4.0-SNAPSHOT (git-f986eb51-b472)]
	at io.netty.channel.AbstractChannelHandlerContext.invokeChannelRead(AbstractChannelHandlerContext.java:440) ~[Velocity.jar:3.4.0-SNAPSHOT (git-f986eb51-b472)]
	at io.netty.channel.AbstractChannelHandlerContext.invokeChannelRead(AbstractChannelHandlerContext.java:420) ~[Velocity.jar:3.4.0-SNAPSHOT (git-f986eb51-b472)]
	at io.netty.channel.DefaultChannelPipeline.fireChannelRead(DefaultChannelPipeline.java:868) ~[Velocity.jar:3.4.0-SNAPSHOT (git-f986eb51-b472)]
	at io.netty.channel.nio.AbstractNioByteChannel$NioByteUnsafe.read(AbstractNioByteChannel.java:166) ~[Velocity.jar:3.4.0-SNAPSHOT (git-f986eb51-b472)]
	at io.netty.channel.nio.NioEventLoop.processSelectedKey(NioEventLoop.java:788) ~[Velocity.jar:3.4.0-SNAPSHOT (git-f986eb51-b472)]
	at io.netty.channel.nio.NioEventLoop.processSelectedKeysOptimized(NioEventLoop.java:724) ~[Velocity.jar:3.4.0-SNAPSHOT (git-f986eb51-b472)]
	at io.netty.channel.nio.NioEventLoop.processSelectedKeys(NioEventLoop.java:650) ~[Velocity.jar:3.4.0-SNAPSHOT (git-f986eb51-b472)]
	at io.netty.channel.nio.NioEventLoop.run(NioEventLoop.java:562) ~[Velocity.jar:3.4.0-SNAPSHOT (git-f986eb51-b472)]
	at io.netty.util.concurrent.SingleThreadEventExecutor$4.run(SingleThreadEventExecutor.java:997) ~[Velocity.jar:3.4.0-SNAPSHOT (git-f986eb51-b472)]
	at io.netty.util.internal.ThreadExecutorMap$2.run(ThreadExecutorMap.java:74) ~[Velocity.jar:3.4.0-SNAPSHOT (git-f986eb51-b472)]
	at io.netty.util.concurrent.FastThreadLocalRunnable.run(FastThreadLocalRunnable.java:30) ~[Velocity.jar:3.4.0-SNAPSHOT (git-f986eb51-b472)]
	at java.base/java.lang.Thread.run(Thread.java:1583) [?:?]
[16:19:14] [Netty NIO Worker #26/INFO] [com.velocitypowered.proxy.connection.MinecraftConnection]: [server connection] Yaffled -> lobby has disconnected
[16:19:14] [Netty NIO Worker #26/ERROR] [com.velocitypowered.proxy.connection.client.ConnectedPlayer]: [connected player] Yaffled (/127.0.0.1:53047): unable to connect to server lobby
java.lang.IllegalStateException: Backend server is online-mode!
	at com.velocitypowered.proxy.connection.backend.LoginSessionHandler.handle(LoginSessionHandler.java:79) ~[Velocity.jar:3.4.0-SNAPSHOT (git-f986eb51-b472)]
	at com.velocitypowered.proxy.protocol.packet.EncryptionRequestPacket.handle(EncryptionRequestPacket.java:94) ~[Velocity.jar:3.4.0-SNAPSHOT (git-f986eb51-b472)]
	at com.velocitypowered.proxy.connection.MinecraftConnection.channelRead(MinecraftConnection.java:153) ~[Velocity.jar:3.4.0-SNAPSHOT (git-f986eb51-b472)]
	at io.netty.channel.AbstractChannelHandlerContext.invokeChannelRead(AbstractChannelHandlerContext.java:444) ~[Velocity.jar:3.4.0-SNAPSHOT (git-f986eb51-b472)]
	at io.netty.channel.AbstractChannelHandlerContext.invokeChannelRead(AbstractChannelHandlerContext.java:420) ~[Velocity.jar:3.4.0-SNAPSHOT (git-f986eb51-b472)]
	at io.netty.channel.AbstractChannelHandlerContext.fireChannelRead(AbstractChannelHandlerContext.java:412) ~[Velocity.jar:3.4.0-SNAPSHOT (git-f986eb51-b472)]
	at com.velocitypowered.proxy.protocol.netty.AutoReadHolderHandler.channelRead(AutoReadHolderHandler.java:57) ~[Velocity.jar:3.4.0-SNAPSHOT (git-f986eb51-b472)]
	at io.netty.channel.AbstractChannelHandlerContext.invokeChannelRead(AbstractChannelHandlerContext.java:442) ~[Velocity.jar:3.4.0-SNAPSHOT (git-f986eb51-b472)]
	at io.netty.channel.AbstractChannelHandlerContext.invokeChannelRead(AbstractChannelHandlerContext.java:420) ~[Velocity.jar:3.4.0-SNAPSHOT (git-f986eb51-b472)]
	at io.netty.channel.AbstractChannelHandlerContext.fireChannelRead(AbstractChannelHandlerContext.java:412) ~[Velocity.jar:3.4.0-SNAPSHOT (git-f986eb51-b472)]
	at com.velocitypowered.proxy.protocol.netty.MinecraftDecoder.tryDecode(MinecraftDecoder.java:91) ~[Velocity.jar:3.4.0-SNAPSHOT (git-f986eb51-b472)]
	at com.velocitypowered.proxy.protocol.netty.MinecraftDecoder.channelRead(MinecraftDecoder.java:60) ~[Velocity.jar:3.4.0-SNAPSHOT (git-f986eb51-b472)]
	at io.netty.channel.AbstractChannelHandlerContext.invokeChannelRead(AbstractChannelHandlerContext.java:444) ~[Velocity.jar:3.4.0-SNAPSHOT (git-f986eb51-b472)]
	at io.netty.channel.AbstractChannelHandlerContext.invokeChannelRead(AbstractChannelHandlerContext.java:420) ~[Velocity.jar:3.4.0-SNAPSHOT (git-f986eb51-b472)]
	at io.netty.channel.AbstractChannelHandlerContext.fireChannelRead(AbstractChannelHandlerContext.java:412) ~[Velocity.jar:3.4.0-SNAPSHOT (git-f986eb51-b472)]
	at io.netty.handler.timeout.IdleStateHandler.channelRead(IdleStateHandler.java:289) ~[Velocity.jar:3.4.0-SNAPSHOT (git-f986eb51-b472)]
	at io.netty.channel.AbstractChannelHandlerContext.invokeChannelRead(AbstractChannelHandlerContext.java:442) ~[Velocity.jar:3.4.0-SNAPSHOT (git-f986eb51-b472)]
	at io.netty.channel.AbstractChannelHandlerContext.invokeChannelRead(AbstractChannelHandlerContext.java:420) ~[Velocity.jar:3.4.0-SNAPSHOT (git-f986eb51-b472)]
	at io.netty.channel.AbstractChannelHandlerContext.fireChannelRead(AbstractChannelHandlerContext.java:412) ~[Velocity.jar:3.4.0-SNAPSHOT (git-f986eb51-b472)]
	at io.netty.handler.codec.ByteToMessageDecoder.fireChannelRead(ByteToMessageDecoder.java:346) ~[Velocity.jar:3.4.0-SNAPSHOT (git-f986eb51-b472)]
	at io.netty.handler.codec.ByteToMessageDecoder.channelRead(ByteToMessageDecoder.java:318) ~[Velocity.jar:3.4.0-SNAPSHOT (git-f986eb51-b472)]
	at io.netty.channel.AbstractChannelHandlerContext.invokeChannelRead(AbstractChannelHandlerContext.java:444) ~[Velocity.jar:3.4.0-SNAPSHOT (git-f986eb51-b472)]
	at io.netty.channel.AbstractChannelHandlerContext.invokeChannelRead(AbstractChannelHandlerContext.java:420) ~[Velocity.jar:3.4.0-SNAPSHOT (git-f986eb51-b472)]
	at io.netty.channel.AbstractChannelHandlerContext.fireChannelRead(AbstractChannelHandlerContext.java:412) ~[Velocity.jar:3.4.0-SNAPSHOT (git-f986eb51-b472)]
	at io.netty.channel.DefaultChannelPipeline$HeadContext.channelRead(DefaultChannelPipeline.java:1357) ~[Velocity.jar:3.4.0-SNAPSHOT (git-f986eb51-b472)]
	at io.netty.channel.AbstractChannelHandlerContext.invokeChannelRead(AbstractChannelHandlerContext.java:440) ~[Velocity.jar:3.4.0-SNAPSHOT (git-f986eb51-b472)]
	at io.netty.channel.AbstractChannelHandlerContext.invokeChannelRead(AbstractChannelHandlerContext.java:420) ~[Velocity.jar:3.4.0-SNAPSHOT (git-f986eb51-b472)]
	at io.netty.channel.DefaultChannelPipeline.fireChannelRead(DefaultChannelPipeline.java:868) ~[Velocity.jar:3.4.0-SNAPSHOT (git-f986eb51-b472)]
	at io.netty.channel.nio.AbstractNioByteChannel$NioByteUnsafe.read(AbstractNioByteChannel.java:166) ~[Velocity.jar:3.4.0-SNAPSHOT (git-f986eb51-b472)]
	at io.netty.channel.nio.NioEventLoop.processSelectedKey(NioEventLoop.java:788) ~[Velocity.jar:3.4.0-SNAPSHOT (git-f986eb51-b472)]
	at io.netty.channel.nio.NioEventLoop.processSelectedKeysOptimized(NioEventLoop.java:724) ~[Velocity.jar:3.4.0-SNAPSHOT (git-f986eb51-b472)]
	at io.netty.channel.nio.NioEventLoop.processSelectedKeys(NioEventLoop.java:650) ~[Velocity.jar:3.4.0-SNAPSHOT (git-f986eb51-b472)]
	at io.netty.channel.nio.NioEventLoop.run(NioEventLoop.java:562) ~[Velocity.jar:3.4.0-SNAPSHOT (git-f986eb51-b472)]
	at io.netty.util.concurrent.SingleThreadEventExecutor$4.run(SingleThreadEventExecutor.java:997) ~[Velocity.jar:3.4.0-SNAPSHOT (git-f986eb51-b472)]
	at io.netty.util.internal.ThreadExecutorMap$2.run(ThreadExecutorMap.java:74) ~[Velocity.jar:3.4.0-SNAPSHOT (git-f986eb51-b472)]
	at io.netty.util.concurrent.FastThreadLocalRunnable.run(FastThreadLocalRunnable.java:30) ~[Velocity.jar:3.4.0-SNAPSHOT (git-f986eb51-b472)]
	at java.base/java.lang.Thread.run(Thread.java:1583) [?:?]
[16:19:14] [Netty NIO Worker #26/INFO] [com.velocitypowered.proxy.connection.client.ConnectedPlayer]: [connected player] Yaffled (/127.0.0.1:53047) has disconnected: Unable to connect you to lobby. Please try again later.
[16:19:24] [Netty NIO Worker #5/INFO] [com.velocitypowered.proxy.connection.client.AuthSessionHandler]: [connected player] Yaffled (/127.0.0.1:53051) has connected
[16:19:24] [Netty NIO Worker #5/INFO] [com.velocitypowered.proxy.connection.MinecraftConnection]: [server connection] Yaffled -> lobby has connected
[16:19:24] [Netty NIO Worker #5/ERROR] [com.velocitypowered.proxy.connection.MinecraftConnection]: [server connection] Yaffled -> lobby: exception encountered in com.velocitypowered.proxy.connection.backend.LoginSessionHandler@535d537a
java.lang.IllegalStateException: Backend server is online-mode!
	at com.velocitypowered.proxy.connection.backend.LoginSessionHandler.handle(LoginSessionHandler.java:79) ~[Velocity.jar:3.4.0-SNAPSHOT (git-f986eb51-b472)]
	at com.velocitypowered.proxy.protocol.packet.EncryptionRequestPacket.handle(EncryptionRequestPacket.java:94) ~[Velocity.jar:3.4.0-SNAPSHOT (git-f986eb51-b472)]
	at com.velocitypowered.proxy.connection.MinecraftConnection.channelRead(MinecraftConnection.java:153) ~[Velocity.jar:3.4.0-SNAPSHOT (git-f986eb51-b472)]
	at io.netty.channel.AbstractChannelHandlerContext.invokeChannelRead(AbstractChannelHandlerContext.java:444) ~[Velocity.jar:3.4.0-SNAPSHOT (git-f986eb51-b472)]
	at io.netty.channel.AbstractChannelHandlerContext.invokeChannelRead(AbstractChannelHandlerContext.java:420) ~[Velocity.jar:3.4.0-SNAPSHOT (git-f986eb51-b472)]
	at io.netty.channel.AbstractChannelHandlerContext.fireChannelRead(AbstractChannelHandlerContext.java:412) ~[Velocity.jar:3.4.0-SNAPSHOT (git-f986eb51-b472)]
	at com.velocitypowered.proxy.protocol.netty.AutoReadHolderHandler.channelRead(AutoReadHolderHandler.java:57) ~[Velocity.jar:3.4.0-SNAPSHOT (git-f986eb51-b472)]
	at io.netty.channel.AbstractChannelHandlerContext.invokeChannelRead(AbstractChannelHandlerContext.java:442) ~[Velocity.jar:3.4.0-SNAPSHOT (git-f986eb51-b472)]
	at io.netty.channel.AbstractChannelHandlerContext.invokeChannelRead(AbstractChannelHandlerContext.java:420) ~[Velocity.jar:3.4.0-SNAPSHOT (git-f986eb51-b472)]
	at io.netty.channel.AbstractChannelHandlerContext.fireChannelRead(AbstractChannelHandlerContext.java:412) ~[Velocity.jar:3.4.0-SNAPSHOT (git-f986eb51-b472)]
	at com.velocitypowered.proxy.protocol.netty.MinecraftDecoder.tryDecode(MinecraftDecoder.java:91) ~[Velocity.jar:3.4.0-SNAPSHOT (git-f986eb51-b472)]
	at com.velocitypowered.proxy.protocol.netty.MinecraftDecoder.channelRead(MinecraftDecoder.java:60) ~[Velocity.jar:3.4.0-SNAPSHOT (git-f986eb51-b472)]
	at io.netty.channel.AbstractChannelHandlerContext.invokeChannelRead(AbstractChannelHandlerContext.java:444) ~[Velocity.jar:3.4.0-SNAPSHOT (git-f986eb51-b472)]
	at io.netty.channel.AbstractChannelHandlerContext.invokeChannelRead(AbstractChannelHandlerContext.java:420) ~[Velocity.jar:3.4.0-SNAPSHOT (git-f986eb51-b472)]
	at io.netty.channel.AbstractChannelHandlerContext.fireChannelRead(AbstractChannelHandlerContext.java:412) ~[Velocity.jar:3.4.0-SNAPSHOT (git-f986eb51-b472)]
	at io.netty.handler.timeout.IdleStateHandler.channelRead(IdleStateHandler.java:289) ~[Velocity.jar:3.4.0-SNAPSHOT (git-f986eb51-b472)]
	at io.netty.channel.AbstractChannelHandlerContext.invokeChannelRead(AbstractChannelHandlerContext.java:442) ~[Velocity.jar:3.4.0-SNAPSHOT (git-f986eb51-b472)]
	at io.netty.channel.AbstractChannelHandlerContext.invokeChannelRead(AbstractChannelHandlerContext.java:420) ~[Velocity.jar:3.4.0-SNAPSHOT (git-f986eb51-b472)]
	at io.netty.channel.AbstractChannelHandlerContext.fireChannelRead(AbstractChannelHandlerContext.java:412) ~[Velocity.jar:3.4.0-SNAPSHOT (git-f986eb51-b472)]
	at io.netty.handler.codec.ByteToMessageDecoder.fireChannelRead(ByteToMessageDecoder.java:346) ~[Velocity.jar:3.4.0-SNAPSHOT (git-f986eb51-b472)]
	at io.netty.handler.codec.ByteToMessageDecoder.channelRead(ByteToMessageDecoder.java:318) ~[Velocity.jar:3.4.0-SNAPSHOT (git-f986eb51-b472)]
	at io.netty.channel.AbstractChannelHandlerContext.invokeChannelRead(AbstractChannelHandlerContext.java:444) ~[Velocity.jar:3.4.0-SNAPSHOT (git-f986eb51-b472)]
	at io.netty.channel.AbstractChannelHandlerContext.invokeChannelRead(AbstractChannelHandlerContext.java:420) ~[Velocity.jar:3.4.0-SNAPSHOT (git-f986eb51-b472)]
	at io.netty.channel.AbstractChannelHandlerContext.fireChannelRead(AbstractChannelHandlerContext.java:412) ~[Velocity.jar:3.4.0-SNAPSHOT (git-f986eb51-b472)]
	at io.netty.channel.DefaultChannelPipeline$HeadContext.channelRead(DefaultChannelPipeline.java:1357) ~[Velocity.jar:3.4.0-SNAPSHOT (git-f986eb51-b472)]
	at io.netty.channel.AbstractChannelHandlerContext.invokeChannelRead(AbstractChannelHandlerContext.java:440) ~[Velocity.jar:3.4.0-SNAPSHOT (git-f986eb51-b472)]
	at io.netty.channel.AbstractChannelHandlerContext.invokeChannelRead(AbstractChannelHandlerContext.java:420) ~[Velocity.jar:3.4.0-SNAPSHOT (git-f986eb51-b472)]
	at io.netty.channel.DefaultChannelPipeline.fireChannelRead(DefaultChannelPipeline.java:868) ~[Velocity.jar:3.4.0-SNAPSHOT (git-f986eb51-b472)]
	at io.netty.channel.nio.AbstractNioByteChannel$NioByteUnsafe.read(AbstractNioByteChannel.java:166) ~[Velocity.jar:3.4.0-SNAPSHOT (git-f986eb51-b472)]
	at io.netty.channel.nio.NioEventLoop.processSelectedKey(NioEventLoop.java:788) ~[Velocity.jar:3.4.0-SNAPSHOT (git-f986eb51-b472)]
	at io.netty.channel.nio.NioEventLoop.processSelectedKeysOptimized(NioEventLoop.java:724) ~[Velocity.jar:3.4.0-SNAPSHOT (git-f986eb51-b472)]
	at io.netty.channel.nio.NioEventLoop.processSelectedKeys(NioEventLoop.java:650) ~[Velocity.jar:3.4.0-SNAPSHOT (git-f986eb51-b472)]
	at io.netty.channel.nio.NioEventLoop.run(NioEventLoop.java:562) ~[Velocity.jar:3.4.0-SNAPSHOT (git-f986eb51-b472)]
	at io.netty.util.concurrent.SingleThreadEventExecutor$4.run(SingleThreadEventExecutor.java:997) ~[Velocity.jar:3.4.0-SNAPSHOT (git-f986eb51-b472)]
	at io.netty.util.internal.ThreadExecutorMap$2.run(ThreadExecutorMap.java:74) ~[Velocity.jar:3.4.0-SNAPSHOT (git-f986eb51-b472)]
	at io.netty.util.concurrent.FastThreadLocalRunnable.run(FastThreadLocalRunnable.java:30) ~[Velocity.jar:3.4.0-SNAPSHOT (git-f986eb51-b472)]
	at java.base/java.lang.Thread.run(Thread.java:1583) [?:?]
[16:19:24] [Netty NIO Worker #5/INFO] [com.velocitypowered.proxy.connection.MinecraftConnection]: [server connection] Yaffled -> lobby has disconnected
[16:19:24] [Netty NIO Worker #5/ERROR] [com.velocitypowered.proxy.connection.client.ConnectedPlayer]: [connected player] Yaffled (/127.0.0.1:53051): unable to connect to server lobby
java.lang.IllegalStateException: Backend server is online-mode!
	at com.velocitypowered.proxy.connection.backend.LoginSessionHandler.handle(LoginSessionHandler.java:79) ~[Velocity.jar:3.4.0-SNAPSHOT (git-f986eb51-b472)]
	at com.velocitypowered.proxy.protocol.packet.EncryptionRequestPacket.handle(EncryptionRequestPacket.java:94) ~[Velocity.jar:3.4.0-SNAPSHOT (git-f986eb51-b472)]
	at com.velocitypowered.proxy.connection.MinecraftConnection.channelRead(MinecraftConnection.java:153) ~[Velocity.jar:3.4.0-SNAPSHOT (git-f986eb51-b472)]
	at io.netty.channel.AbstractChannelHandlerContext.invokeChannelRead(AbstractChannelHandlerContext.java:444) ~[Velocity.jar:3.4.0-SNAPSHOT (git-f986eb51-b472)]
	at io.netty.channel.AbstractChannelHandlerContext.invokeChannelRead(AbstractChannelHandlerContext.java:420) ~[Velocity.jar:3.4.0-SNAPSHOT (git-f986eb51-b472)]
	at io.netty.channel.AbstractChannelHandlerContext.fireChannelRead(AbstractChannelHandlerContext.java:412) ~[Velocity.jar:3.4.0-SNAPSHOT (git-f986eb51-b472)]
	at com.velocitypowered.proxy.protocol.netty.AutoReadHolderHandler.channelRead(AutoReadHolderHandler.java:57) ~[Velocity.jar:3.4.0-SNAPSHOT (git-f986eb51-b472)]
	at io.netty.channel.AbstractChannelHandlerContext.invokeChannelRead(AbstractChannelHandlerContext.java:442) ~[Velocity.jar:3.4.0-SNAPSHOT (git-f986eb51-b472)]
	at io.netty.channel.AbstractChannelHandlerContext.invokeChannelRead(AbstractChannelHandlerContext.java:420) ~[Velocity.jar:3.4.0-SNAPSHOT (git-f986eb51-b472)]
	at io.netty.channel.AbstractChannelHandlerContext.fireChannelRead(AbstractChannelHandlerContext.java:412) ~[Velocity.jar:3.4.0-SNAPSHOT (git-f986eb51-b472)]
	at com.velocitypowered.proxy.protocol.netty.MinecraftDecoder.tryDecode(MinecraftDecoder.java:91) ~[Velocity.jar:3.4.0-SNAPSHOT (git-f986eb51-b472)]
	at com.velocitypowered.proxy.protocol.netty.MinecraftDecoder.channelRead(MinecraftDecoder.java:60) ~[Velocity.jar:3.4.0-SNAPSHOT (git-f986eb51-b472)]
	at io.netty.channel.AbstractChannelHandlerContext.invokeChannelRead(AbstractChannelHandlerContext.java:444) ~[Velocity.jar:3.4.0-SNAPSHOT (git-f986eb51-b472)]
	at io.netty.channel.AbstractChannelHandlerContext.invokeChannelRead(AbstractChannelHandlerContext.java:420) ~[Velocity.jar:3.4.0-SNAPSHOT (git-f986eb51-b472)]
	at io.netty.channel.AbstractChannelHandlerContext.fireChannelRead(AbstractChannelHandlerContext.java:412) ~[Velocity.jar:3.4.0-SNAPSHOT (git-f986eb51-b472)]
	at io.netty.handler.timeout.IdleStateHandler.channelRead(IdleStateHandler.java:289) ~[Velocity.jar:3.4.0-SNAPSHOT (git-f986eb51-b472)]
	at io.netty.channel.AbstractChannelHandlerContext.invokeChannelRead(AbstractChannelHandlerContext.java:442) ~[Velocity.jar:3.4.0-SNAPSHOT (git-f986eb51-b472)]
	at io.netty.channel.AbstractChannelHandlerContext.invokeChannelRead(AbstractChannelHandlerContext.java:420) ~[Velocity.jar:3.4.0-SNAPSHOT (git-f986eb51-b472)]
	at io.netty.channel.AbstractChannelHandlerContext.fireChannelRead(AbstractChannelHandlerContext.java:412) ~[Velocity.jar:3.4.0-SNAPSHOT (git-f986eb51-b472)]
	at io.netty.handler.codec.ByteToMessageDecoder.fireChannelRead(ByteToMessageDecoder.java:346) ~[Velocity.jar:3.4.0-SNAPSHOT (git-f986eb51-b472)]
	at io.netty.handler.codec.ByteToMessageDecoder.channelRead(ByteToMessageDecoder.java:318) ~[Velocity.jar:3.4.0-SNAPSHOT (git-f986eb51-b472)]
	at io.netty.channel.AbstractChannelHandlerContext.invokeChannelRead(AbstractChannelHandlerContext.java:444) ~[Velocity.jar:3.4.0-SNAPSHOT (git-f986eb51-b472)]
	at io.netty.channel.AbstractChannelHandlerContext.invokeChannelRead(AbstractChannelHandlerContext.java:420) ~[Velocity.jar:3.4.0-SNAPSHOT (git-f986eb51-b472)]
	at io.netty.channel.AbstractChannelHandlerContext.fireChannelRead(AbstractChannelHandlerContext.java:412) ~[Velocity.jar:3.4.0-SNAPSHOT (git-f986eb51-b472)]
	at io.netty.channel.DefaultChannelPipeline$HeadContext.channelRead(DefaultChannelPipeline.java:1357) ~[Velocity.jar:3.4.0-SNAPSHOT (git-f986eb51-b472)]
	at io.netty.channel.AbstractChannelHandlerContext.invokeChannelRead(AbstractChannelHandlerContext.java:440) ~[Velocity.jar:3.4.0-SNAPSHOT (git-f986eb51-b472)]
	at io.netty.channel.AbstractChannelHandlerContext.invokeChannelRead(AbstractChannelHandlerContext.java:420) ~[Velocity.jar:3.4.0-SNAPSHOT (git-f986eb51-b472)]
	at io.netty.channel.DefaultChannelPipeline.fireChannelRead(DefaultChannelPipeline.java:868) ~[Velocity.jar:3.4.0-SNAPSHOT (git-f986eb51-b472)]
	at io.netty.channel.nio.AbstractNioByteChannel$NioByteUnsafe.read(AbstractNioByteChannel.java:166) ~[Velocity.jar:3.4.0-SNAPSHOT (git-f986eb51-b472)]
	at io.netty.channel.nio.NioEventLoop.processSelectedKey(NioEventLoop.java:788) ~[Velocity.jar:3.4.0-SNAPSHOT (git-f986eb51-b472)]
	at io.netty.channel.nio.NioEventLoop.processSelectedKeysOptimized(NioEventLoop.java:724) ~[Velocity.jar:3.4.0-SNAPSHOT (git-f986eb51-b472)]
	at io.netty.channel.nio.NioEventLoop.processSelectedKeys(NioEventLoop.java:650) ~[Velocity.jar:3.4.0-SNAPSHOT (git-f986eb51-b472)]
	at io.netty.channel.nio.NioEventLoop.run(NioEventLoop.java:562) ~[Velocity.jar:3.4.0-SNAPSHOT (git-f986eb51-b472)]
	at io.netty.util.concurrent.SingleThreadEventExecutor$4.run(SingleThreadEventExecutor.java:997) ~[Velocity.jar:3.4.0-SNAPSHOT (git-f986eb51-b472)]
	at io.netty.util.internal.ThreadExecutorMap$2.run(ThreadExecutorMap.java:74) ~[Velocity.jar:3.4.0-SNAPSHOT (git-f986eb51-b472)]
	at io.netty.util.concurrent.FastThreadLocalRunnable.run(FastThreadLocalRunnable.java:30) ~[Velocity.jar:3.4.0-SNAPSHOT (git-f986eb51-b472)]
	at java.base/java.lang.Thread.run(Thread.java:1583) [?:?]
[16:19:24] [Netty NIO Worker #5/INFO] [com.velocitypowered.proxy.connection.client.ConnectedPlayer]: [connected player] Yaffled (/127.0.0.1:53051) has disconnected: Unable to connect you to lobby. Please try again later.
[16:19:39] [Netty NIO Worker #13/INFO] [com.velocitypowered.proxy.connection.client.AuthSessionHandler]: [connected player] Yaffled (/127.0.0.1:53057) has connected
[16:19:39] [Netty NIO Worker #13/INFO] [com.velocitypowered.proxy.connection.MinecraftConnection]: [server connection] Yaffled -> lobby has connected
[16:19:39] [Netty NIO Worker #13/ERROR] [com.velocitypowered.proxy.connection.MinecraftConnection]: [server connection] Yaffled -> lobby: exception encountered in com.velocitypowered.proxy.connection.backend.LoginSessionHandler@3108f8dc
java.lang.IllegalStateException: Backend server is online-mode!
	at com.velocitypowered.proxy.connection.backend.LoginSessionHandler.handle(LoginSessionHandler.java:79) ~[Velocity.jar:3.4.0-SNAPSHOT (git-f986eb51-b472)]
	at com.velocitypowered.proxy.protocol.packet.EncryptionRequestPacket.handle(EncryptionRequestPacket.java:94) ~[Velocity.jar:3.4.0-SNAPSHOT (git-f986eb51-b472)]
	at com.velocitypowered.proxy.connection.MinecraftConnection.channelRead(MinecraftConnection.java:153) ~[Velocity.jar:3.4.0-SNAPSHOT (git-f986eb51-b472)]
	at io.netty.channel.AbstractChannelHandlerContext.invokeChannelRead(AbstractChannelHandlerContext.java:444) ~[Velocity.jar:3.4.0-SNAPSHOT (git-f986eb51-b472)]
	at io.netty.channel.AbstractChannelHandlerContext.invokeChannelRead(AbstractChannelHandlerContext.java:420) ~[Velocity.jar:3.4.0-SNAPSHOT (git-f986eb51-b472)]
	at io.netty.channel.AbstractChannelHandlerContext.fireChannelRead(AbstractChannelHandlerContext.java:412) ~[Velocity.jar:3.4.0-SNAPSHOT (git-f986eb51-b472)]
	at com.velocitypowered.proxy.protocol.netty.AutoReadHolderHandler.channelRead(AutoReadHolderHandler.java:57) ~[Velocity.jar:3.4.0-SNAPSHOT (git-f986eb51-b472)]
	at io.netty.channel.AbstractChannelHandlerContext.invokeChannelRead(AbstractChannelHandlerContext.java:442) ~[Velocity.jar:3.4.0-SNAPSHOT (git-f986eb51-b472)]
	at io.netty.channel.AbstractChannelHandlerContext.invokeChannelRead(AbstractChannelHandlerContext.java:420) ~[Velocity.jar:3.4.0-SNAPSHOT (git-f986eb51-b472)]
	at io.netty.channel.AbstractChannelHandlerContext.fireChannelRead(AbstractChannelHandlerContext.java:412) ~[Velocity.jar:3.4.0-SNAPSHOT (git-f986eb51-b472)]
	at com.velocitypowered.proxy.protocol.netty.MinecraftDecoder.tryDecode(MinecraftDecoder.java:91) ~[Velocity.jar:3.4.0-SNAPSHOT (git-f986eb51-b472)]
	at com.velocitypowered.proxy.protocol.netty.MinecraftDecoder.channelRead(MinecraftDecoder.java:60) ~[Velocity.jar:3.4.0-SNAPSHOT (git-f986eb51-b472)]
	at io.netty.channel.AbstractChannelHandlerContext.invokeChannelRead(AbstractChannelHandlerContext.java:444) ~[Velocity.jar:3.4.0-SNAPSHOT (git-f986eb51-b472)]
	at io.netty.channel.AbstractChannelHandlerContext.invokeChannelRead(AbstractChannelHandlerContext.java:420) ~[Velocity.jar:3.4.0-SNAPSHOT (git-f986eb51-b472)]
	at io.netty.channel.AbstractChannelHandlerContext.fireChannelRead(AbstractChannelHandlerContext.java:412) ~[Velocity.jar:3.4.0-SNAPSHOT (git-f986eb51-b472)]
	at io.netty.handler.timeout.IdleStateHandler.channelRead(IdleStateHandler.java:289) ~[Velocity.jar:3.4.0-SNAPSHOT (git-f986eb51-b472)]
	at io.netty.channel.AbstractChannelHandlerContext.invokeChannelRead(AbstractChannelHandlerContext.java:442) ~[Velocity.jar:3.4.0-SNAPSHOT (git-f986eb51-b472)]
	at io.netty.channel.AbstractChannelHandlerContext.invokeChannelRead(AbstractChannelHandlerContext.java:420) ~[Velocity.jar:3.4.0-SNAPSHOT (git-f986eb51-b472)]
	at io.netty.channel.AbstractChannelHandlerContext.fireChannelRead(AbstractChannelHandlerContext.java:412) ~[Velocity.jar:3.4.0-SNAPSHOT (git-f986eb51-b472)]
	at io.netty.handler.codec.ByteToMessageDecoder.fireChannelRead(ByteToMessageDecoder.java:346) ~[Velocity.jar:3.4.0-SNAPSHOT (git-f986eb51-b472)]
	at io.netty.handler.codec.ByteToMessageDecoder.channelRead(ByteToMessageDecoder.java:318) ~[Velocity.jar:3.4.0-SNAPSHOT (git-f986eb51-b472)]
	at io.netty.channel.AbstractChannelHandlerContext.invokeChannelRead(AbstractChannelHandlerContext.java:444) ~[Velocity.jar:3.4.0-SNAPSHOT (git-f986eb51-b472)]
	at io.netty.channel.AbstractChannelHandlerContext.invokeChannelRead(AbstractChannelHandlerContext.java:420) ~[Velocity.jar:3.4.0-SNAPSHOT (git-f986eb51-b472)]
	at io.netty.channel.AbstractChannelHandlerContext.fireChannelRead(AbstractChannelHandlerContext.java:412) ~[Velocity.jar:3.4.0-SNAPSHOT (git-f986eb51-b472)]
	at io.netty.channel.DefaultChannelPipeline$HeadContext.channelRead(DefaultChannelPipeline.java:1357) ~[Velocity.jar:3.4.0-SNAPSHOT (git-f986eb51-b472)]
	at io.netty.channel.AbstractChannelHandlerContext.invokeChannelRead(AbstractChannelHandlerContext.java:440) ~[Velocity.jar:3.4.0-SNAPSHOT (git-f986eb51-b472)]
	at io.netty.channel.AbstractChannelHandlerContext.invokeChannelRead(AbstractChannelHandlerContext.java:420) ~[Velocity.jar:3.4.0-SNAPSHOT (git-f986eb51-b472)]
	at io.netty.channel.DefaultChannelPipeline.fireChannelRead(DefaultChannelPipeline.java:868) ~[Velocity.jar:3.4.0-SNAPSHOT (git-f986eb51-b472)]
	at io.netty.channel.nio.AbstractNioByteChannel$NioByteUnsafe.read(AbstractNioByteChannel.java:166) ~[Velocity.jar:3.4.0-SNAPSHOT (git-f986eb51-b472)]
	at io.netty.channel.nio.NioEventLoop.processSelectedKey(NioEventLoop.java:788) ~[Velocity.jar:3.4.0-SNAPSHOT (git-f986eb51-b472)]
	at io.netty.channel.nio.NioEventLoop.processSelectedKeysOptimized(NioEventLoop.java:724) ~[Velocity.jar:3.4.0-SNAPSHOT (git-f986eb51-b472)]
	at io.netty.channel.nio.NioEventLoop.processSelectedKeys(NioEventLoop.java:650) ~[Velocity.jar:3.4.0-SNAPSHOT (git-f986eb51-b472)]
	at io.netty.channel.nio.NioEventLoop.run(NioEventLoop.java:562) ~[Velocity.jar:3.4.0-SNAPSHOT (git-f986eb51-b472)]
	at io.netty.util.concurrent.SingleThreadEventExecutor$4.run(SingleThreadEventExecutor.java:997) ~[Velocity.jar:3.4.0-SNAPSHOT (git-f986eb51-b472)]
	at io.netty.util.internal.ThreadExecutorMap$2.run(ThreadExecutorMap.java:74) ~[Velocity.jar:3.4.0-SNAPSHOT (git-f986eb51-b472)]
	at io.netty.util.concurrent.FastThreadLocalRunnable.run(FastThreadLocalRunnable.java:30) ~[Velocity.jar:3.4.0-SNAPSHOT (git-f986eb51-b472)]
	at java.base/java.lang.Thread.run(Thread.java:1583) [?:?]
[16:19:39] [Netty NIO Worker #13/INFO] [com.velocitypowered.proxy.connection.MinecraftConnection]: [server connection] Yaffled -> lobby has disconnected
[16:19:39] [Netty NIO Worker #13/ERROR] [com.velocitypowered.proxy.connection.client.ConnectedPlayer]: [connected player] Yaffled (/127.0.0.1:53057): unable to connect to server lobby
java.lang.IllegalStateException: Backend server is online-mode!
	at com.velocitypowered.proxy.connection.backend.LoginSessionHandler.handle(LoginSessionHandler.java:79) ~[Velocity.jar:3.4.0-SNAPSHOT (git-f986eb51-b472)]
	at com.velocitypowered.proxy.protocol.packet.EncryptionRequestPacket.handle(EncryptionRequestPacket.java:94) ~[Velocity.jar:3.4.0-SNAPSHOT (git-f986eb51-b472)]
	at com.velocitypowered.proxy.connection.MinecraftConnection.channelRead(MinecraftConnection.java:153) ~[Velocity.jar:3.4.0-SNAPSHOT (git-f986eb51-b472)]
	at io.netty.channel.AbstractChannelHandlerContext.invokeChannelRead(AbstractChannelHandlerContext.java:444) ~[Velocity.jar:3.4.0-SNAPSHOT (git-f986eb51-b472)]
	at io.netty.channel.AbstractChannelHandlerContext.invokeChannelRead(AbstractChannelHandlerContext.java:420) ~[Velocity.jar:3.4.0-SNAPSHOT (git-f986eb51-b472)]
	at io.netty.channel.AbstractChannelHandlerContext.fireChannelRead(AbstractChannelHandlerContext.java:412) ~[Velocity.jar:3.4.0-SNAPSHOT (git-f986eb51-b472)]
	at com.velocitypowered.proxy.protocol.netty.AutoReadHolderHandler.channelRead(AutoReadHolderHandler.java:57) ~[Velocity.jar:3.4.0-SNAPSHOT (git-f986eb51-b472)]
	at io.netty.channel.AbstractChannelHandlerContext.invokeChannelRead(AbstractChannelHandlerContext.java:442) ~[Velocity.jar:3.4.0-SNAPSHOT (git-f986eb51-b472)]
	at io.netty.channel.AbstractChannelHandlerContext.invokeChannelRead(AbstractChannelHandlerContext.java:420) ~[Velocity.jar:3.4.0-SNAPSHOT (git-f986eb51-b472)]
	at io.netty.channel.AbstractChannelHandlerContext.fireChannelRead(AbstractChannelHandlerContext.java:412) ~[Velocity.jar:3.4.0-SNAPSHOT (git-f986eb51-b472)]
	at com.velocitypowered.proxy.protocol.netty.MinecraftDecoder.tryDecode(MinecraftDecoder.java:91) ~[Velocity.jar:3.4.0-SNAPSHOT (git-f986eb51-b472)]
	at com.velocitypowered.proxy.protocol.netty.MinecraftDecoder.channelRead(MinecraftDecoder.java:60) ~[Velocity.jar:3.4.0-SNAPSHOT (git-f986eb51-b472)]
	at io.netty.channel.AbstractChannelHandlerContext.invokeChannelRead(AbstractChannelHandlerContext.java:444) ~[Velocity.jar:3.4.0-SNAPSHOT (git-f986eb51-b472)]
	at io.netty.channel.AbstractChannelHandlerContext.invokeChannelRead(AbstractChannelHandlerContext.java:420) ~[Velocity.jar:3.4.0-SNAPSHOT (git-f986eb51-b472)]
	at io.netty.channel.AbstractChannelHandlerContext.fireChannelRead(AbstractChannelHandlerContext.java:412) ~[Velocity.jar:3.4.0-SNAPSHOT (git-f986eb51-b472)]
	at io.netty.handler.timeout.IdleStateHandler.channelRead(IdleStateHandler.java:289) ~[Velocity.jar:3.4.0-SNAPSHOT (git-f986eb51-b472)]
	at io.netty.channel.AbstractChannelHandlerContext.invokeChannelRead(AbstractChannelHandlerContext.java:442) ~[Velocity.jar:3.4.0-SNAPSHOT (git-f986eb51-b472)]
	at io.netty.channel.AbstractChannelHandlerContext.invokeChannelRead(AbstractChannelHandlerContext.java:420) ~[Velocity.jar:3.4.0-SNAPSHOT (git-f986eb51-b472)]
	at io.netty.channel.AbstractChannelHandlerContext.fireChannelRead(AbstractChannelHandlerContext.java:412) ~[Velocity.jar:3.4.0-SNAPSHOT (git-f986eb51-b472)]
	at io.netty.handler.codec.ByteToMessageDecoder.fireChannelRead(ByteToMessageDecoder.java:346) ~[Velocity.jar:3.4.0-SNAPSHOT (git-f986eb51-b472)]
	at io.netty.handler.codec.ByteToMessageDecoder.channelRead(ByteToMessageDecoder.java:318) ~[Velocity.jar:3.4.0-SNAPSHOT (git-f986eb51-b472)]
	at io.netty.channel.AbstractChannelHandlerContext.invokeChannelRead(AbstractChannelHandlerContext.java:444) ~[Velocity.jar:3.4.0-SNAPSHOT (git-f986eb51-b472)]
	at io.netty.channel.AbstractChannelHandlerContext.invokeChannelRead(AbstractChannelHandlerContext.java:420) ~[Velocity.jar:3.4.0-SNAPSHOT (git-f986eb51-b472)]
	at io.netty.channel.AbstractChannelHandlerContext.fireChannelRead(AbstractChannelHandlerContext.java:412) ~[Velocity.jar:3.4.0-SNAPSHOT (git-f986eb51-b472)]
	at io.netty.channel.DefaultChannelPipeline$HeadContext.channelRead(DefaultChannelPipeline.java:1357) ~[Velocity.jar:3.4.0-SNAPSHOT (git-f986eb51-b472)]
	at io.netty.channel.AbstractChannelHandlerContext.invokeChannelRead(AbstractChannelHandlerContext.java:440) ~[Velocity.jar:3.4.0-SNAPSHOT (git-f986eb51-b472)]
	at io.netty.channel.AbstractChannelHandlerContext.invokeChannelRead(AbstractChannelHandlerContext.java:420) ~[Velocity.jar:3.4.0-SNAPSHOT (git-f986eb51-b472)]
	at io.netty.channel.DefaultChannelPipeline.fireChannelRead(DefaultChannelPipeline.java:868) ~[Velocity.jar:3.4.0-SNAPSHOT (git-f986eb51-b472)]
	at io.netty.channel.nio.AbstractNioByteChannel$NioByteUnsafe.read(AbstractNioByteChannel.java:166) ~[Velocity.jar:3.4.0-SNAPSHOT (git-f986eb51-b472)]
	at io.netty.channel.nio.NioEventLoop.processSelectedKey(NioEventLoop.java:788) ~[Velocity.jar:3.4.0-SNAPSHOT (git-f986eb51-b472)]
	at io.netty.channel.nio.NioEventLoop.processSelectedKeysOptimized(NioEventLoop.java:724) ~[Velocity.jar:3.4.0-SNAPSHOT (git-f986eb51-b472)]
	at io.netty.channel.nio.NioEventLoop.processSelectedKeys(NioEventLoop.java:650) ~[Velocity.jar:3.4.0-SNAPSHOT (git-f986eb51-b472)]
	at io.netty.channel.nio.NioEventLoop.run(NioEventLoop.java:562) ~[Velocity.jar:3.4.0-SNAPSHOT (git-f986eb51-b472)]
	at io.netty.util.concurrent.SingleThreadEventExecutor$4.run(SingleThreadEventExecutor.java:997) ~[Velocity.jar:3.4.0-SNAPSHOT (git-f986eb51-b472)]
	at io.netty.util.internal.ThreadExecutorMap$2.run(ThreadExecutorMap.java:74) ~[Velocity.jar:3.4.0-SNAPSHOT (git-f986eb51-b472)]
	at io.netty.util.concurrent.FastThreadLocalRunnable.run(FastThreadLocalRunnable.java:30) ~[Velocity.jar:3.4.0-SNAPSHOT (git-f986eb51-b472)]
	at java.base/java.lang.Thread.run(Thread.java:1583) [?:?]
[16:19:39] [Netty NIO Worker #13/INFO] [com.velocitypowered.proxy.connection.client.ConnectedPlayer]: [connected player] Yaffled (/127.0.0.1:53057) has disconnected: Unable to connect you to lobby. Please try again later.
[16:19:50] [Netty NIO Worker #24/INFO] [com.velocitypowered.proxy.connection.client.AuthSessionHandler]: [connected player] Yaffled (/127.0.0.1:53068) has connected
[16:19:50] [Netty NIO Worker #24/INFO] [com.velocitypowered.proxy.connection.MinecraftConnection]: [server connection] Yaffled -> lobby has connected
[16:19:50] [Netty NIO Worker #24/ERROR] [com.velocitypowered.proxy.connection.MinecraftConnection]: [server connection] Yaffled -> lobby: exception encountered in com.velocitypowered.proxy.connection.backend.LoginSessionHandler@5719f02b
java.lang.IllegalStateException: Backend server is online-mode!
	at com.velocitypowered.proxy.connection.backend.LoginSessionHandler.handle(LoginSessionHandler.java:79) ~[Velocity.jar:3.4.0-SNAPSHOT (git-f986eb51-b472)]
	at com.velocitypowered.proxy.protocol.packet.EncryptionRequestPacket.handle(EncryptionRequestPacket.java:94) ~[Velocity.jar:3.4.0-SNAPSHOT (git-f986eb51-b472)]
	at com.velocitypowered.proxy.connection.MinecraftConnection.channelRead(MinecraftConnection.java:153) ~[Velocity.jar:3.4.0-SNAPSHOT (git-f986eb51-b472)]
	at io.netty.channel.AbstractChannelHandlerContext.invokeChannelRead(AbstractChannelHandlerContext.java:444) ~[Velocity.jar:3.4.0-SNAPSHOT (git-f986eb51-b472)]
	at io.netty.channel.AbstractChannelHandlerContext.invokeChannelRead(AbstractChannelHandlerContext.java:420) ~[Velocity.jar:3.4.0-SNAPSHOT (git-f986eb51-b472)]
	at io.netty.channel.AbstractChannelHandlerContext.fireChannelRead(AbstractChannelHandlerContext.java:412) ~[Velocity.jar:3.4.0-SNAPSHOT (git-f986eb51-b472)]
	at com.velocitypowered.proxy.protocol.netty.AutoReadHolderHandler.channelRead(AutoReadHolderHandler.java:57) ~[Velocity.jar:3.4.0-SNAPSHOT (git-f986eb51-b472)]
	at io.netty.channel.AbstractChannelHandlerContext.invokeChannelRead(AbstractChannelHandlerContext.java:442) ~[Velocity.jar:3.4.0-SNAPSHOT (git-f986eb51-b472)]
	at io.netty.channel.AbstractChannelHandlerContext.invokeChannelRead(AbstractChannelHandlerContext.java:420) ~[Velocity.jar:3.4.0-SNAPSHOT (git-f986eb51-b472)]
	at io.netty.channel.AbstractChannelHandlerContext.fireChannelRead(AbstractChannelHandlerContext.java:412) ~[Velocity.jar:3.4.0-SNAPSHOT (git-f986eb51-b472)]
	at com.velocitypowered.proxy.protocol.netty.MinecraftDecoder.tryDecode(MinecraftDecoder.java:91) ~[Velocity.jar:3.4.0-SNAPSHOT (git-f986eb51-b472)]
	at com.velocitypowered.proxy.protocol.netty.MinecraftDecoder.channelRead(MinecraftDecoder.java:60) ~[Velocity.jar:3.4.0-SNAPSHOT (git-f986eb51-b472)]
	at io.netty.channel.AbstractChannelHandlerContext.invokeChannelRead(AbstractChannelHandlerContext.java:444) ~[Velocity.jar:3.4.0-SNAPSHOT (git-f986eb51-b472)]
	at io.netty.channel.AbstractChannelHandlerContext.invokeChannelRead(AbstractChannelHandlerContext.java:420) ~[Velocity.jar:3.4.0-SNAPSHOT (git-f986eb51-b472)]
	at io.netty.channel.AbstractChannelHandlerContext.fireChannelRead(AbstractChannelHandlerContext.java:412) ~[Velocity.jar:3.4.0-SNAPSHOT (git-f986eb51-b472)]
	at io.netty.handler.timeout.IdleStateHandler.channelRead(IdleStateHandler.java:289) ~[Velocity.jar:3.4.0-SNAPSHOT (git-f986eb51-b472)]
	at io.netty.channel.AbstractChannelHandlerContext.invokeChannelRead(AbstractChannelHandlerContext.java:442) ~[Velocity.jar:3.4.0-SNAPSHOT (git-f986eb51-b472)]
	at io.netty.channel.AbstractChannelHandlerContext.invokeChannelRead(AbstractChannelHandlerContext.java:420) ~[Velocity.jar:3.4.0-SNAPSHOT (git-f986eb51-b472)]
	at io.netty.channel.AbstractChannelHandlerContext.fireChannelRead(AbstractChannelHandlerContext.java:412) ~[Velocity.jar:3.4.0-SNAPSHOT (git-f986eb51-b472)]
	at io.netty.handler.codec.ByteToMessageDecoder.fireChannelRead(ByteToMessageDecoder.java:346) ~[Velocity.jar:3.4.0-SNAPSHOT (git-f986eb51-b472)]
	at io.netty.handler.codec.ByteToMessageDecoder.channelRead(ByteToMessageDecoder.java:318) ~[Velocity.jar:3.4.0-SNAPSHOT (git-f986eb51-b472)]
	at io.netty.channel.AbstractChannelHandlerContext.invokeChannelRead(AbstractChannelHandlerContext.java:444) ~[Velocity.jar:3.4.0-SNAPSHOT (git-f986eb51-b472)]
	at io.netty.channel.AbstractChannelHandlerContext.invokeChannelRead(AbstractChannelHandlerContext.java:420) ~[Velocity.jar:3.4.0-SNAPSHOT (git-f986eb51-b472)]
	at io.netty.channel.AbstractChannelHandlerContext.fireChannelRead(AbstractChannelHandlerContext.java:412) ~[Velocity.jar:3.4.0-SNAPSHOT (git-f986eb51-b472)]
	at io.netty.channel.DefaultChannelPipeline$HeadContext.channelRead(DefaultChannelPipeline.java:1357) ~[Velocity.jar:3.4.0-SNAPSHOT (git-f986eb51-b472)]
	at io.netty.channel.AbstractChannelHandlerContext.invokeChannelRead(AbstractChannelHandlerContext.java:440) ~[Velocity.jar:3.4.0-SNAPSHOT (git-f986eb51-b472)]
	at io.netty.channel.AbstractChannelHandlerContext.invokeChannelRead(AbstractChannelHandlerContext.java:420) ~[Velocity.jar:3.4.0-SNAPSHOT (git-f986eb51-b472)]
	at io.netty.channel.DefaultChannelPipeline.fireChannelRead(DefaultChannelPipeline.java:868) ~[Velocity.jar:3.4.0-SNAPSHOT (git-f986eb51-b472)]
	at io.netty.channel.nio.AbstractNioByteChannel$NioByteUnsafe.read(AbstractNioByteChannel.java:166) ~[Velocity.jar:3.4.0-SNAPSHOT (git-f986eb51-b472)]
	at io.netty.channel.nio.NioEventLoop.processSelectedKey(NioEventLoop.java:788) ~[Velocity.jar:3.4.0-SNAPSHOT (git-f986eb51-b472)]
	at io.netty.channel.nio.NioEventLoop.processSelectedKeysOptimized(NioEventLoop.java:724) ~[Velocity.jar:3.4.0-SNAPSHOT (git-f986eb51-b472)]
	at io.netty.channel.nio.NioEventLoop.processSelectedKeys(NioEventLoop.java:650) ~[Velocity.jar:3.4.0-SNAPSHOT (git-f986eb51-b472)]
	at io.netty.channel.nio.NioEventLoop.run(NioEventLoop.java:562) ~[Velocity.jar:3.4.0-SNAPSHOT (git-f986eb51-b472)]
	at io.netty.util.concurrent.SingleThreadEventExecutor$4.run(SingleThreadEventExecutor.java:997) ~[Velocity.jar:3.4.0-SNAPSHOT (git-f986eb51-b472)]
	at io.netty.util.internal.ThreadExecutorMap$2.run(ThreadExecutorMap.java:74) ~[Velocity.jar:3.4.0-SNAPSHOT (git-f986eb51-b472)]
	at io.netty.util.concurrent.FastThreadLocalRunnable.run(FastThreadLocalRunnable.java:30) ~[Velocity.jar:3.4.0-SNAPSHOT (git-f986eb51-b472)]
	at java.base/java.lang.Thread.run(Thread.java:1583) [?:?]
[16:19:50] [Netty NIO Worker #24/INFO] [com.velocitypowered.proxy.connection.MinecraftConnection]: [server connection] Yaffled -> lobby has disconnected
[16:19:50] [Netty NIO Worker #24/ERROR] [com.velocitypowered.proxy.connection.client.ConnectedPlayer]: [connected player] Yaffled (/127.0.0.1:53068): unable to connect to server lobby
java.lang.IllegalStateException: Backend server is online-mode!
	at com.velocitypowered.proxy.connection.backend.LoginSessionHandler.handle(LoginSessionHandler.java:79) ~[Velocity.jar:3.4.0-SNAPSHOT (git-f986eb51-b472)]
	at com.velocitypowered.proxy.protocol.packet.EncryptionRequestPacket.handle(EncryptionRequestPacket.java:94) ~[Velocity.jar:3.4.0-SNAPSHOT (git-f986eb51-b472)]
	at com.velocitypowered.proxy.connection.MinecraftConnection.channelRead(MinecraftConnection.java:153) ~[Velocity.jar:3.4.0-SNAPSHOT (git-f986eb51-b472)]
	at io.netty.channel.AbstractChannelHandlerContext.invokeChannelRead(AbstractChannelHandlerContext.java:444) ~[Velocity.jar:3.4.0-SNAPSHOT (git-f986eb51-b472)]
	at io.netty.channel.AbstractChannelHandlerContext.invokeChannelRead(AbstractChannelHandlerContext.java:420) ~[Velocity.jar:3.4.0-SNAPSHOT (git-f986eb51-b472)]
	at io.netty.channel.AbstractChannelHandlerContext.fireChannelRead(AbstractChannelHandlerContext.java:412) ~[Velocity.jar:3.4.0-SNAPSHOT (git-f986eb51-b472)]
	at com.velocitypowered.proxy.protocol.netty.AutoReadHolderHandler.channelRead(AutoReadHolderHandler.java:57) ~[Velocity.jar:3.4.0-SNAPSHOT (git-f986eb51-b472)]
	at io.netty.channel.AbstractChannelHandlerContext.invokeChannelRead(AbstractChannelHandlerContext.java:442) ~[Velocity.jar:3.4.0-SNAPSHOT (git-f986eb51-b472)]
	at io.netty.channel.AbstractChannelHandlerContext.invokeChannelRead(AbstractChannelHandlerContext.java:420) ~[Velocity.jar:3.4.0-SNAPSHOT (git-f986eb51-b472)]
	at io.netty.channel.AbstractChannelHandlerContext.fireChannelRead(AbstractChannelHandlerContext.java:412) ~[Velocity.jar:3.4.0-SNAPSHOT (git-f986eb51-b472)]
	at com.velocitypowered.proxy.protocol.netty.MinecraftDecoder.tryDecode(MinecraftDecoder.java:91) ~[Velocity.jar:3.4.0-SNAPSHOT (git-f986eb51-b472)]
	at com.velocitypowered.proxy.protocol.netty.MinecraftDecoder.channelRead(MinecraftDecoder.java:60) ~[Velocity.jar:3.4.0-SNAPSHOT (git-f986eb51-b472)]
	at io.netty.channel.AbstractChannelHandlerContext.invokeChannelRead(AbstractChannelHandlerContext.java:444) ~[Velocity.jar:3.4.0-SNAPSHOT (git-f986eb51-b472)]
	at io.netty.channel.AbstractChannelHandlerContext.invokeChannelRead(AbstractChannelHandlerContext.java:420) ~[Velocity.jar:3.4.0-SNAPSHOT (git-f986eb51-b472)]
	at io.netty.channel.AbstractChannelHandlerContext.fireChannelRead(AbstractChannelHandlerContext.java:412) ~[Velocity.jar:3.4.0-SNAPSHOT (git-f986eb51-b472)]
	at io.netty.handler.timeout.IdleStateHandler.channelRead(IdleStateHandler.java:289) ~[Velocity.jar:3.4.0-SNAPSHOT (git-f986eb51-b472)]
	at io.netty.channel.AbstractChannelHandlerContext.invokeChannelRead(AbstractChannelHandlerContext.java:442) ~[Velocity.jar:3.4.0-SNAPSHOT (git-f986eb51-b472)]
	at io.netty.channel.AbstractChannelHandlerContext.invokeChannelRead(AbstractChannelHandlerContext.java:420) ~[Velocity.jar:3.4.0-SNAPSHOT (git-f986eb51-b472)]
	at io.netty.channel.AbstractChannelHandlerContext.fireChannelRead(AbstractChannelHandlerContext.java:412) ~[Velocity.jar:3.4.0-SNAPSHOT (git-f986eb51-b472)]
	at io.netty.handler.codec.ByteToMessageDecoder.fireChannelRead(ByteToMessageDecoder.java:346) ~[Velocity.jar:3.4.0-SNAPSHOT (git-f986eb51-b472)]
	at io.netty.handler.codec.ByteToMessageDecoder.channelRead(ByteToMessageDecoder.java:318) ~[Velocity.jar:3.4.0-SNAPSHOT (git-f986eb51-b472)]
	at io.netty.channel.AbstractChannelHandlerContext.invokeChannelRead(AbstractChannelHandlerContext.java:444) ~[Velocity.jar:3.4.0-SNAPSHOT (git-f986eb51-b472)]
	at io.netty.channel.AbstractChannelHandlerContext.invokeChannelRead(AbstractChannelHandlerContext.java:420) ~[Velocity.jar:3.4.0-SNAPSHOT (git-f986eb51-b472)]
	at io.netty.channel.AbstractChannelHandlerContext.fireChannelRead(AbstractChannelHandlerContext.java:412) ~[Velocity.jar:3.4.0-SNAPSHOT (git-f986eb51-b472)]
	at io.netty.channel.DefaultChannelPipeline$HeadContext.channelRead(DefaultChannelPipeline.java:1357) ~[Velocity.jar:3.4.0-SNAPSHOT (git-f986eb51-b472)]
	at io.netty.channel.AbstractChannelHandlerContext.invokeChannelRead(AbstractChannelHandlerContext.java:440) ~[Velocity.jar:3.4.0-SNAPSHOT (git-f986eb51-b472)]
	at io.netty.channel.AbstractChannelHandlerContext.invokeChannelRead(AbstractChannelHandlerContext.java:420) ~[Velocity.jar:3.4.0-SNAPSHOT (git-f986eb51-b472)]
	at io.netty.channel.DefaultChannelPipeline.fireChannelRead(DefaultChannelPipeline.java:868) ~[Velocity.jar:3.4.0-SNAPSHOT (git-f986eb51-b472)]
	at io.netty.channel.nio.AbstractNioByteChannel$NioByteUnsafe.read(AbstractNioByteChannel.java:166) ~[Velocity.jar:3.4.0-SNAPSHOT (git-f986eb51-b472)]
	at io.netty.channel.nio.NioEventLoop.processSelectedKey(NioEventLoop.java:788) ~[Velocity.jar:3.4.0-SNAPSHOT (git-f986eb51-b472)]
	at io.netty.channel.nio.NioEventLoop.processSelectedKeysOptimized(NioEventLoop.java:724) ~[Velocity.jar:3.4.0-SNAPSHOT (git-f986eb51-b472)]
	at io.netty.channel.nio.NioEventLoop.processSelectedKeys(NioEventLoop.java:650) ~[Velocity.jar:3.4.0-SNAPSHOT (git-f986eb51-b472)]
	at io.netty.channel.nio.NioEventLoop.run(NioEventLoop.java:562) ~[Velocity.jar:3.4.0-SNAPSHOT (git-f986eb51-b472)]
	at io.netty.util.concurrent.SingleThreadEventExecutor$4.run(SingleThreadEventExecutor.java:997) ~[Velocity.jar:3.4.0-SNAPSHOT (git-f986eb51-b472)]
	at io.netty.util.internal.ThreadExecutorMap$2.run(ThreadExecutorMap.java:74) ~[Velocity.jar:3.4.0-SNAPSHOT (git-f986eb51-b472)]
	at io.netty.util.concurrent.FastThreadLocalRunnable.run(FastThreadLocalRunnable.java:30) ~[Velocity.jar:3.4.0-SNAPSHOT (git-f986eb51-b472)]
	at java.base/java.lang.Thread.run(Thread.java:1583) [?:?]
[16:19:50] [Netty NIO Worker #24/INFO] [com.velocitypowered.proxy.connection.client.ConnectedPlayer]: [connected player] Yaffled (/127.0.0.1:53068) has disconnected: Unable to connect you to lobby. Please try again later.
[16:19:56] [Netty NIO Worker #0/INFO] [com.velocitypowered.proxy.connection.client.AuthSessionHandler]: [connected player] Yaffled (/127.0.0.1:53081) has connected
[16:19:56] [Netty NIO Worker #0/INFO] [com.velocitypowered.proxy.connection.MinecraftConnection]: [server connection] Yaffled -> lobby has connected
[16:19:56] [Netty NIO Worker #0/ERROR] [com.velocitypowered.proxy.connection.MinecraftConnection]: [server connection] Yaffled -> lobby: exception encountered in com.velocitypowered.proxy.connection.backend.LoginSessionHandler@7bb06040
java.lang.IllegalStateException: Backend server is online-mode!
	at com.velocitypowered.proxy.connection.backend.LoginSessionHandler.handle(LoginSessionHandler.java:79) ~[Velocity.jar:3.4.0-SNAPSHOT (git-f986eb51-b472)]
	at com.velocitypowered.proxy.protocol.packet.EncryptionRequestPacket.handle(EncryptionRequestPacket.java:94) ~[Velocity.jar:3.4.0-SNAPSHOT (git-f986eb51-b472)]
	at com.velocitypowered.proxy.connection.MinecraftConnection.channelRead(MinecraftConnection.java:153) ~[Velocity.jar:3.4.0-SNAPSHOT (git-f986eb51-b472)]
	at io.netty.channel.AbstractChannelHandlerContext.invokeChannelRead(AbstractChannelHandlerContext.java:444) ~[Velocity.jar:3.4.0-SNAPSHOT (git-f986eb51-b472)]
	at io.netty.channel.AbstractChannelHandlerContext.invokeChannelRead(AbstractChannelHandlerContext.java:420) ~[Velocity.jar:3.4.0-SNAPSHOT (git-f986eb51-b472)]
	at io.netty.channel.AbstractChannelHandlerContext.fireChannelRead(AbstractChannelHandlerContext.java:412) ~[Velocity.jar:3.4.0-SNAPSHOT (git-f986eb51-b472)]
	at com.velocitypowered.proxy.protocol.netty.AutoReadHolderHandler.channelRead(AutoReadHolderHandler.java:57) ~[Velocity.jar:3.4.0-SNAPSHOT (git-f986eb51-b472)]
	at io.netty.channel.AbstractChannelHandlerContext.invokeChannelRead(AbstractChannelHandlerContext.java:442) ~[Velocity.jar:3.4.0-SNAPSHOT (git-f986eb51-b472)]
	at io.netty.channel.AbstractChannelHandlerContext.invokeChannelRead(AbstractChannelHandlerContext.java:420) ~[Velocity.jar:3.4.0-SNAPSHOT (git-f986eb51-b472)]
	at io.netty.channel.AbstractChannelHandlerContext.fireChannelRead(AbstractChannelHandlerContext.java:412) ~[Velocity.jar:3.4.0-SNAPSHOT (git-f986eb51-b472)]
	at com.velocitypowered.proxy.protocol.netty.MinecraftDecoder.tryDecode(MinecraftDecoder.java:91) ~[Velocity.jar:3.4.0-SNAPSHOT (git-f986eb51-b472)]
	at com.velocitypowered.proxy.protocol.netty.MinecraftDecoder.channelRead(MinecraftDecoder.java:60) ~[Velocity.jar:3.4.0-SNAPSHOT (git-f986eb51-b472)]
	at io.netty.channel.AbstractChannelHandlerContext.invokeChannelRead(AbstractChannelHandlerContext.java:444) ~[Velocity.jar:3.4.0-SNAPSHOT (git-f986eb51-b472)]
	at io.netty.channel.AbstractChannelHandlerContext.invokeChannelRead(AbstractChannelHandlerContext.java:420) ~[Velocity.jar:3.4.0-SNAPSHOT (git-f986eb51-b472)]
	at io.netty.channel.AbstractChannelHandlerContext.fireChannelRead(AbstractChannelHandlerContext.java:412) ~[Velocity.jar:3.4.0-SNAPSHOT (git-f986eb51-b472)]
	at io.netty.handler.timeout.IdleStateHandler.channelRead(IdleStateHandler.java:289) ~[Velocity.jar:3.4.0-SNAPSHOT (git-f986eb51-b472)]
	at io.netty.channel.AbstractChannelHandlerContext.invokeChannelRead(AbstractChannelHandlerContext.java:442) ~[Velocity.jar:3.4.0-SNAPSHOT (git-f986eb51-b472)]
	at io.netty.channel.AbstractChannelHandlerContext.invokeChannelRead(AbstractChannelHandlerContext.java:420) ~[Velocity.jar:3.4.0-SNAPSHOT (git-f986eb51-b472)]
	at io.netty.channel.AbstractChannelHandlerContext.fireChannelRead(AbstractChannelHandlerContext.java:412) ~[Velocity.jar:3.4.0-SNAPSHOT (git-f986eb51-b472)]
	at io.netty.handler.codec.ByteToMessageDecoder.fireChannelRead(ByteToMessageDecoder.java:346) ~[Velocity.jar:3.4.0-SNAPSHOT (git-f986eb51-b472)]
	at io.netty.handler.codec.ByteToMessageDecoder.channelRead(ByteToMessageDecoder.java:318) ~[Velocity.jar:3.4.0-SNAPSHOT (git-f986eb51-b472)]
	at io.netty.channel.AbstractChannelHandlerContext.invokeChannelRead(AbstractChannelHandlerContext.java:444) ~[Velocity.jar:3.4.0-SNAPSHOT (git-f986eb51-b472)]
	at io.netty.channel.AbstractChannelHandlerContext.invokeChannelRead(AbstractChannelHandlerContext.java:420) ~[Velocity.jar:3.4.0-SNAPSHOT (git-f986eb51-b472)]
	at io.netty.channel.AbstractChannelHandlerContext.fireChannelRead(AbstractChannelHandlerContext.java:412) ~[Velocity.jar:3.4.0-SNAPSHOT (git-f986eb51-b472)]
	at io.netty.channel.DefaultChannelPipeline$HeadContext.channelRead(DefaultChannelPipeline.java:1357) ~[Velocity.jar:3.4.0-SNAPSHOT (git-f986eb51-b472)]
	at io.netty.channel.AbstractChannelHandlerContext.invokeChannelRead(AbstractChannelHandlerContext.java:440) ~[Velocity.jar:3.4.0-SNAPSHOT (git-f986eb51-b472)]
	at io.netty.channel.AbstractChannelHandlerContext.invokeChannelRead(AbstractChannelHandlerContext.java:420) ~[Velocity.jar:3.4.0-SNAPSHOT (git-f986eb51-b472)]
	at io.netty.channel.DefaultChannelPipeline.fireChannelRead(DefaultChannelPipeline.java:868) ~[Velocity.jar:3.4.0-SNAPSHOT (git-f986eb51-b472)]
	at io.netty.channel.nio.AbstractNioByteChannel$NioByteUnsafe.read(AbstractNioByteChannel.java:166) ~[Velocity.jar:3.4.0-SNAPSHOT (git-f986eb51-b472)]
	at io.netty.channel.nio.NioEventLoop.processSelectedKey(NioEventLoop.java:788) ~[Velocity.jar:3.4.0-SNAPSHOT (git-f986eb51-b472)]
	at io.netty.channel.nio.NioEventLoop.processSelectedKeysOptimized(NioEventLoop.java:724) ~[Velocity.jar:3.4.0-SNAPSHOT (git-f986eb51-b472)]
	at io.netty.channel.nio.NioEventLoop.processSelectedKeys(NioEventLoop.java:650) ~[Velocity.jar:3.4.0-SNAPSHOT (git-f986eb51-b472)]
	at io.netty.channel.nio.NioEventLoop.run(NioEventLoop.java:562) ~[Velocity.jar:3.4.0-SNAPSHOT (git-f986eb51-b472)]
	at io.netty.util.concurrent.SingleThreadEventExecutor$4.run(SingleThreadEventExecutor.java:997) ~[Velocity.jar:3.4.0-SNAPSHOT (git-f986eb51-b472)]
	at io.netty.util.internal.ThreadExecutorMap$2.run(ThreadExecutorMap.java:74) ~[Velocity.jar:3.4.0-SNAPSHOT (git-f986eb51-b472)]
	at io.netty.util.concurrent.FastThreadLocalRunnable.run(FastThreadLocalRunnable.java:30) ~[Velocity.jar:3.4.0-SNAPSHOT (git-f986eb51-b472)]
	at java.base/java.lang.Thread.run(Thread.java:1583) [?:?]
[16:19:56] [Netty NIO Worker #0/INFO] [com.velocitypowered.proxy.connection.MinecraftConnection]: [server connection] Yaffled -> lobby has disconnected
[16:19:56] [Netty NIO Worker #0/ERROR] [com.velocitypowered.proxy.connection.client.ConnectedPlayer]: [connected player] Yaffled (/127.0.0.1:53081): unable to connect to server lobby
java.lang.IllegalStateException: Backend server is online-mode!
	at com.velocitypowered.proxy.connection.backend.LoginSessionHandler.handle(LoginSessionHandler.java:79) ~[Velocity.jar:3.4.0-SNAPSHOT (git-f986eb51-b472)]
	at com.velocitypowered.proxy.protocol.packet.EncryptionRequestPacket.handle(EncryptionRequestPacket.java:94) ~[Velocity.jar:3.4.0-SNAPSHOT (git-f986eb51-b472)]
	at com.velocitypowered.proxy.connection.MinecraftConnection.channelRead(MinecraftConnection.java:153) ~[Velocity.jar:3.4.0-SNAPSHOT (git-f986eb51-b472)]
	at io.netty.channel.AbstractChannelHandlerContext.invokeChannelRead(AbstractChannelHandlerContext.java:444) ~[Velocity.jar:3.4.0-SNAPSHOT (git-f986eb51-b472)]
	at io.netty.channel.AbstractChannelHandlerContext.invokeChannelRead(AbstractChannelHandlerContext.java:420) ~[Velocity.jar:3.4.0-SNAPSHOT (git-f986eb51-b472)]
	at io.netty.channel.AbstractChannelHandlerContext.fireChannelRead(AbstractChannelHandlerContext.java:412) ~[Velocity.jar:3.4.0-SNAPSHOT (git-f986eb51-b472)]
	at com.velocitypowered.proxy.protocol.netty.AutoReadHolderHandler.channelRead(AutoReadHolderHandler.java:57) ~[Velocity.jar:3.4.0-SNAPSHOT (git-f986eb51-b472)]
	at io.netty.channel.AbstractChannelHandlerContext.invokeChannelRead(AbstractChannelHandlerContext.java:442) ~[Velocity.jar:3.4.0-SNAPSHOT (git-f986eb51-b472)]
	at io.netty.channel.AbstractChannelHandlerContext.invokeChannelRead(AbstractChannelHandlerContext.java:420) ~[Velocity.jar:3.4.0-SNAPSHOT (git-f986eb51-b472)]
	at io.netty.channel.AbstractChannelHandlerContext.fireChannelRead(AbstractChannelHandlerContext.java:412) ~[Velocity.jar:3.4.0-SNAPSHOT (git-f986eb51-b472)]
	at com.velocitypowered.proxy.protocol.netty.MinecraftDecoder.tryDecode(MinecraftDecoder.java:91) ~[Velocity.jar:3.4.0-SNAPSHOT (git-f986eb51-b472)]
	at com.velocitypowered.proxy.protocol.netty.MinecraftDecoder.channelRead(MinecraftDecoder.java:60) ~[Velocity.jar:3.4.0-SNAPSHOT (git-f986eb51-b472)]
	at io.netty.channel.AbstractChannelHandlerContext.invokeChannelRead(AbstractChannelHandlerContext.java:444) ~[Velocity.jar:3.4.0-SNAPSHOT (git-f986eb51-b472)]
	at io.netty.channel.AbstractChannelHandlerContext.invokeChannelRead(AbstractChannelHandlerContext.java:420) ~[Velocity.jar:3.4.0-SNAPSHOT (git-f986eb51-b472)]
	at io.netty.channel.AbstractChannelHandlerContext.fireChannelRead(AbstractChannelHandlerContext.java:412) ~[Velocity.jar:3.4.0-SNAPSHOT (git-f986eb51-b472)]
	at io.netty.handler.timeout.IdleStateHandler.channelRead(IdleStateHandler.java:289) ~[Velocity.jar:3.4.0-SNAPSHOT (git-f986eb51-b472)]
	at io.netty.channel.AbstractChannelHandlerContext.invokeChannelRead(AbstractChannelHandlerContext.java:442) ~[Velocity.jar:3.4.0-SNAPSHOT (git-f986eb51-b472)]
	at io.netty.channel.AbstractChannelHandlerContext.invokeChannelRead(AbstractChannelHandlerContext.java:420) ~[Velocity.jar:3.4.0-SNAPSHOT (git-f986eb51-b472)]
	at io.netty.channel.AbstractChannelHandlerContext.fireChannelRead(AbstractChannelHandlerContext.java:412) ~[Velocity.jar:3.4.0-SNAPSHOT (git-f986eb51-b472)]
	at io.netty.handler.codec.ByteToMessageDecoder.fireChannelRead(ByteToMessageDecoder.java:346) ~[Velocity.jar:3.4.0-SNAPSHOT (git-f986eb51-b472)]
	at io.netty.handler.codec.ByteToMessageDecoder.channelRead(ByteToMessageDecoder.java:318) ~[Velocity.jar:3.4.0-SNAPSHOT (git-f986eb51-b472)]
	at io.netty.channel.AbstractChannelHandlerContext.invokeChannelRead(AbstractChannelHandlerContext.java:444) ~[Velocity.jar:3.4.0-SNAPSHOT (git-f986eb51-b472)]
	at io.netty.channel.AbstractChannelHandlerContext.invokeChannelRead(AbstractChannelHandlerContext.java:420) ~[Velocity.jar:3.4.0-SNAPSHOT (git-f986eb51-b472)]
	at io.netty.channel.AbstractChannelHandlerContext.fireChannelRead(AbstractChannelHandlerContext.java:412) ~[Velocity.jar:3.4.0-SNAPSHOT (git-f986eb51-b472)]
	at io.netty.channel.DefaultChannelPipeline$HeadContext.channelRead(DefaultChannelPipeline.java:1357) ~[Velocity.jar:3.4.0-SNAPSHOT (git-f986eb51-b472)]
	at io.netty.channel.AbstractChannelHandlerContext.invokeChannelRead(AbstractChannelHandlerContext.java:440) ~[Velocity.jar:3.4.0-SNAPSHOT (git-f986eb51-b472)]
	at io.netty.channel.AbstractChannelHandlerContext.invokeChannelRead(AbstractChannelHandlerContext.java:420) ~[Velocity.jar:3.4.0-SNAPSHOT (git-f986eb51-b472)]
	at io.netty.channel.DefaultChannelPipeline.fireChannelRead(DefaultChannelPipeline.java:868) ~[Velocity.jar:3.4.0-SNAPSHOT (git-f986eb51-b472)]
	at io.netty.channel.nio.AbstractNioByteChannel$NioByteUnsafe.read(AbstractNioByteChannel.java:166) ~[Velocity.jar:3.4.0-SNAPSHOT (git-f986eb51-b472)]
	at io.netty.channel.nio.NioEventLoop.processSelectedKey(NioEventLoop.java:788) ~[Velocity.jar:3.4.0-SNAPSHOT (git-f986eb51-b472)]
	at io.netty.channel.nio.NioEventLoop.processSelectedKeysOptimized(NioEventLoop.java:724) ~[Velocity.jar:3.4.0-SNAPSHOT (git-f986eb51-b472)]
	at io.netty.channel.nio.NioEventLoop.processSelectedKeys(NioEventLoop.java:650) ~[Velocity.jar:3.4.0-SNAPSHOT (git-f986eb51-b472)]
	at io.netty.channel.nio.NioEventLoop.run(NioEventLoop.java:562) ~[Velocity.jar:3.4.0-SNAPSHOT (git-f986eb51-b472)]
	at io.netty.util.concurrent.SingleThreadEventExecutor$4.run(SingleThreadEventExecutor.java:997) ~[Velocity.jar:3.4.0-SNAPSHOT (git-f986eb51-b472)]
	at io.netty.util.internal.ThreadExecutorMap$2.run(ThreadExecutorMap.java:74) ~[Velocity.jar:3.4.0-SNAPSHOT (git-f986eb51-b472)]
	at io.netty.util.concurrent.FastThreadLocalRunnable.run(FastThreadLocalRunnable.java:30) ~[Velocity.jar:3.4.0-SNAPSHOT (git-f986eb51-b472)]
	at java.base/java.lang.Thread.run(Thread.java:1583) [?:?]
[16:19:56] [Netty NIO Worker #0/INFO] [com.velocitypowered.proxy.connection.client.ConnectedPlayer]: [connected player] Yaffled (/127.0.0.1:53081) has disconnected: Unable to connect you to lobby. Please try again later.
[16:20:46] [Netty NIO Worker #10/INFO] [com.velocitypowered.proxy.connection.client.AuthSessionHandler]: [connected player] Yaffled (/127.0.0.1:53116) has connected
[16:20:46] [Netty NIO Worker #10/INFO] [com.velocitypowered.proxy.connection.MinecraftConnection]: [server connection] Yaffled -> lobby has connected
[16:21:20] [Netty NIO Worker #10/INFO] [com.velocitypowered.proxy.connection.MinecraftConnection]: [connected player] Yaffled (/127.0.0.1:53116) has disconnected
[16:21:20] [Netty NIO Worker #10/INFO] [com.velocitypowered.proxy.connection.MinecraftConnection]: [server connection] Yaffled -> lobby has disconnected
[16:23:28] [Thread-4/INFO] [com.velocitypowered.proxy.VelocityServer]: Shutting down the proxy...
[16:23:28] [Thread-4/INFO] [com.velocitypowered.proxy.network.ConnectionManager]: Closing endpoint /0.0.0.0:25565
[16:23:28] [EaglercraftXVelocity - Task Executor #4/INFO] [eaglerxvelocity]: Eaglercraft listener closed: /0.0.0.0:8081
[16:23:28] [EaglercraftXVelocity - Task Executor #4/INFO] [eaglerxvelocity]: Successfully disconnected from database 'jdbc:sqlite:eaglercraft_skins_cache.db'
[16:23:28] [EaglercraftXVelocity - Task Executor #4/INFO] [eaglerxvelocity]: Successfully disconnected from database 'jdbc:sqlite:eaglercraft_auths.db'
